<?xml version="1.0" encoding="UTF-8"?>
<testng-results ignored="0" total="3" passed="3" failed="0" skipped="0">
  <reporter-output>
  </reporter-output>
  <suite started-at="2020-06-16T20:12:48 IST" name="Suite" finished-at="2020-06-16T20:14:19 IST" duration-ms="90853">
    <groups>
    </groups>
    <test started-at="2020-06-16T20:12:48 IST" name="Test" finished-at="2020-06-16T20:14:19 IST" duration-ms="90853">
      <class name="sample.app_testing">
        <test-method is-config="true" signature="beforetest()[pri:0, instance:sample.app_testing@31e5415e]" started-at="2020-06-16T20:13:27 IST" name="beforetest" finished-at="2020-06-16T20:13:54 IST" duration-ms="26445" status="PASS">
          <reporter-output>
          </reporter-output>
        </test-method> <!-- beforetest -->
        <test-method signature="splash_screen()[pri:0, instance:sample.app_testing@31e5415e]" started-at="2020-06-16T20:13:54 IST" name="splash_screen" finished-at="2020-06-16T20:14:09 IST" duration-ms="15055" status="PASS">
          <reporter-output>
          </reporter-output>
        </test-method> <!-- splash_screen -->
        <test-method signature="Login_via_Mobile_number()[pri:1, instance:sample.app_testing@31e5415e]" started-at="2020-06-16T20:14:09 IST" name="Login_via_Mobile_number" finished-at="2020-06-16T20:14:18 IST" duration-ms="9556" status="PASS">
          <reporter-output>
          </reporter-output>
        </test-method> <!-- Login_via_Mobile_number -->
      </class> <!-- sample.app_testing -->
      <class name="sample.Calculator">
        <test-method is-config="true" signature="beforetest()[pri:0, instance:sample.Calculator@34f5090e]" started-at="2020-06-16T20:12:48 IST" name="beforetest" finished-at="2020-06-16T20:13:27 IST" duration-ms="39416" status="PASS">
          <reporter-output>
          </reporter-output>
        </test-method> <!-- beforetest -->
        <test-method signature="f()[pri:0, instance:sample.Calculator@34f5090e]" started-at="2020-06-16T20:13:54 IST" name="f" finished-at="2020-06-16T20:13:54 IST" duration-ms="16" status="PASS">
          <reporter-output>
          </reporter-output>
        </test-method> <!-- f -->
        <test-method is-config="true" signature="aftertest()[pri:0, instance:sample.Calculator@34f5090e]" started-at="2020-06-16T20:14:18 IST" name="aftertest" finished-at="2020-06-16T20:14:19 IST" duration-ms="211" status="FAIL">
          <exception class="org.openqa.selenium.NoSuchSessionException">
            <message>
              <![CDATA[A session is either terminated or not started
Build info: version: '3.141.59', revision: 'e82be7d358', time: '2018-11-14T08:25:53'
System info: host: 'DESKTOP-G4BA6O4', ip: '192.168.43.7', os.name: 'Windows 10', os.arch: 'amd64', os.version: '10.0', java.version: '11.0.1'
Driver info: io.appium.java_client.android.AndroidDriver
Capabilities {appActivity: com.miui.calculator.cal.Cal..., appPackage: com.miui.calculator, databaseEnabled: false, desired: {appActivity: com.miui.calculator.cal.Cal..., appPackage: com.miui.calculator, deviceName: Redmi, noReset: true, platformName: android, platformVersion: 9.0, udid: 1738ae18}, deviceApiLevel: 28, deviceManufacturer: Xiaomi, deviceModel: Redmi Note 8, deviceName: 1738ae18, deviceScreenDensity: 440, deviceScreenSize: 1080x2340, deviceUDID: 1738ae18, javascriptEnabled: true, locationContextEnabled: false, networkConnectionEnabled: true, noReset: true, pixelRatio: 2.75, platform: LINUX, platformName: Android, platformVersion: 9, statBarHeight: 80, takesScreenshot: true, udid: 1738ae18, viewportRect: {height: 2050, left: 0, top: 80, width: 1080}, warnings: {}, webStorageEnabled: false}
Session ID: 52e04192-e014-4f29-9e1e-3870959ee599]]>
            </message>
            <full-stacktrace>
              <![CDATA[org.openqa.selenium.NoSuchSessionException: A session is either terminated or not started
Build info: version: '3.141.59', revision: 'e82be7d358', time: '2018-11-14T08:25:53'
System info: host: 'DESKTOP-G4BA6O4', ip: '192.168.43.7', os.name: 'Windows 10', os.arch: 'amd64', os.version: '10.0', java.version: '11.0.1'
Driver info: io.appium.java_client.android.AndroidDriver
Capabilities {appActivity: com.miui.calculator.cal.Cal..., appPackage: com.miui.calculator, databaseEnabled: false, desired: {appActivity: com.miui.calculator.cal.Cal..., appPackage: com.miui.calculator, deviceName: Redmi, noReset: true, platformName: android, platformVersion: 9.0, udid: 1738ae18}, deviceApiLevel: 28, deviceManufacturer: Xiaomi, deviceModel: Redmi Note 8, deviceName: 1738ae18, deviceScreenDensity: 440, deviceScreenSize: 1080x2340, deviceUDID: 1738ae18, javascriptEnabled: true, locationContextEnabled: false, networkConnectionEnabled: true, noReset: true, pixelRatio: 2.75, platform: LINUX, platformName: Android, platformVersion: 9, statBarHeight: 80, takesScreenshot: true, udid: 1738ae18, viewportRect: {height: 2050, left: 0, top: 80, width: 1080}, warnings: {}, webStorageEnabled: false}
Session ID: 52e04192-e014-4f29-9e1e-3870959ee599
at java.base/jdk.internal.reflect.NativeConstructorAccessorImpl.newInstance0(Native Method)
at java.base/jdk.internal.reflect.NativeConstructorAccessorImpl.newInstance(NativeConstructorAccessorImpl.java:62)
at java.base/jdk.internal.reflect.DelegatingConstructorAccessorImpl.newInstance(DelegatingConstructorAccessorImpl.java:45)
at java.base/java.lang.reflect.Constructor.newInstance(Constructor.java:490)
at org.openqa.selenium.remote.http.W3CHttpResponseCodec.createException(W3CHttpResponseCodec.java:187)
at org.openqa.selenium.remote.http.W3CHttpResponseCodec.decode(W3CHttpResponseCodec.java:122)
at org.openqa.selenium.remote.http.W3CHttpResponseCodec.decode(W3CHttpResponseCodec.java:49)
at org.openqa.selenium.remote.HttpCommandExecutor.execute(HttpCommandExecutor.java:158)
at io.appium.java_client.remote.AppiumCommandExecutor.execute(AppiumCommandExecutor.java:239)
at org.openqa.selenium.remote.RemoteWebDriver.execute(RemoteWebDriver.java:552)
at io.appium.java_client.DefaultGenericMobileDriver.execute(DefaultGenericMobileDriver.java:45)
at io.appium.java_client.AppiumDriver.execute(AppiumDriver.java:1)
at io.appium.java_client.android.AndroidDriver.execute(AndroidDriver.java:1)
at org.openqa.selenium.remote.RemoteWebDriver.quit(RemoteWebDriver.java:452)
at sample.Calculator.aftertest(Calculator.java:54)
at java.base/jdk.internal.reflect.NativeMethodAccessorImpl.invoke0(Native Method)
at java.base/jdk.internal.reflect.NativeMethodAccessorImpl.invoke(NativeMethodAccessorImpl.java:62)
at java.base/jdk.internal.reflect.DelegatingMethodAccessorImpl.invoke(DelegatingMethodAccessorImpl.java:43)
at java.base/java.lang.reflect.Method.invoke(Method.java:566)
at org.testng.internal.MethodInvocationHelper.invokeMethod(MethodInvocationHelper.java:135)
at org.testng.internal.MethodInvocationHelper.invokeMethodConsideringTimeout(MethodInvocationHelper.java:64)
at org.testng.internal.ConfigInvoker.invokeConfigurationMethod(ConfigInvoker.java:364)
at org.testng.internal.ConfigInvoker.invokeConfigurations(ConfigInvoker.java:318)
at org.testng.TestRunner.invokeTestConfigurations(TestRunner.java:620)
at org.testng.TestRunner.afterRun(TestRunner.java:850)
at org.testng.TestRunner.run(TestRunner.java:591)
at org.testng.SuiteRunner.runTest(SuiteRunner.java:384)
at org.testng.SuiteRunner.runSequentially(SuiteRunner.java:378)
at org.testng.SuiteRunner.privateRun(SuiteRunner.java:337)
at org.testng.SuiteRunner.run(SuiteRunner.java:286)
at org.testng.SuiteRunnerWorker.runSuite(SuiteRunnerWorker.java:53)
at org.testng.SuiteRunnerWorker.run(SuiteRunnerWorker.java:96)
at org.testng.TestNG.runSuitesSequentially(TestNG.java:1214)
at org.testng.TestNG.runSuitesLocally(TestNG.java:1136)
at org.testng.TestNG.runSuites(TestNG.java:1066)
at org.testng.TestNG.run(TestNG.java:1034)
at org.testng.remote.AbstractRemoteTestNG.run(AbstractRemoteTestNG.java:115)
at org.testng.remote.RemoteTestNG.initAndRun(RemoteTestNG.java:251)
at org.testng.remote.RemoteTestNG.main(RemoteTestNG.java:77)
]]>
            </full-stacktrace>
          </exception> <!-- org.openqa.selenium.NoSuchSessionException -->
          <reporter-output>
          </reporter-output>
        </test-method> <!-- aftertest -->
      </class> <!-- sample.Calculator -->
    </test> <!-- Test -->
  </suite> <!-- Suite -->
</testng-results>
