<?xml version="1.0" encoding="UTF-8"?>
<!-- Generated by org.testng.reporters.JUnitXMLReporter -->
<testsuite ignored="0" hostname="DESKTOP-0M79KVO" failures="0" tests="3" name="Default test" time="44.529" errors="0" timestamp="2020-06-17T18:41:27 GMT-07:00">
  <testcase classname="sample.BookSlot" name="splash_screen" time="24.135"/>
  <testcase classname="sample.BookSlot" name="Login_via_Mobile_number" time="6.932"/>
  <testcase classname="sample.BookSlot" name="OTP_PAGE" time="2.052"/>
</testsuite> <!-- Default test -->
